<?xml version="1.0" encoding="UTF-8" ?>
<testsuite failures="0" time="6.184" errors="0" skipped="0" tests="17" name="com.treetank.saxon.wrapper.NodeWrapperTest">
  <properties>
    <property name="java.runtime.name" value="Java(TM) SE Runtime Environment"/>
    <property name="sun.boot.library.path" value="/usr/lib/jvm/java-6-sun-1.6.0.15/jre/lib/amd64"/>
    <property name="java.vm.version" value="14.1-b02"/>
    <property name="java.vm.vendor" value="Sun Microsystems Inc."/>
    <property name="java.vendor.url" value="http://java.sun.com/"/>
    <property name="path.separator" value=":"/>
    <property name="java.vm.name" value="Java HotSpot(TM) 64-Bit Server VM"/>
    <property name="file.encoding.pkg" value="sun.io"/>
    <property name="user.country" value="US"/>
    <property name="sun.java.launcher" value="SUN_STANDARD"/>
    <property name="sun.os.patch.level" value="unknown"/>
    <property name="java.vm.specification.name" value="Java Virtual Machine Specification"/>
    <property name="user.dir" value="/home/johannes/workspace/treetank-saxon"/>
    <property name="java.runtime.version" value="1.6.0_15-b03"/>
    <property name="java.awt.graphicsenv" value="sun.awt.X11GraphicsEnvironment"/>
    <property name="basedir" value="/home/johannes/workspace/treetank-saxon"/>
    <property name="java.endorsed.dirs" value="/usr/lib/jvm/java-6-sun-1.6.0.15/jre/lib/endorsed"/>
    <property name="os.arch" value="amd64"/>
    <property name="surefire.real.class.path" value="/tmp/surefirebooter3160587479970038372.jar"/>
    <property name="java.io.tmpdir" value="/tmp"/>
    <property name="line.separator" value="
"/>
    <property name="java.vm.specification.vendor" value="Sun Microsystems Inc."/>
    <property name="os.name" value="Linux"/>
    <property name="sun.jnu.encoding" value="UTF-8"/>
    <property name="java.library.path" value="/usr/lib/jvm/java-6-sun-1.6.0.15/jre/lib/amd64/server:/usr/lib/jvm/java-6-sun-1.6.0.15/jre/lib/amd64:/usr/lib/jvm/java-6-sun-1.6.0.15/jre/../lib/amd64:/usr/java/packages/lib/amd64:/lib:/usr/lib"/>
    <property name="surefire.test.class.path" value="/home/johannes/workspace/treetank-saxon/target/test-classes:/home/johannes/workspace/treetank-saxon/target/classes:/home/johannes/.m2/repository/treetank/core/5.3.4-SNAPSHOT/core-5.3.4-SNAPSHOT.jar:/home/johannes/.m2/repository/com/sleepycat/je/3.3.87/je-3.3.87.jar:/home/johannes/.m2/repository/perfidix/perfidix/3.6.2/perfidix-3.6.2.jar:/home/johannes/.m2/repository/commons-primitives/commons-primitives/1.0/commons-primitives-1.0.jar:/home/johannes/.m2/repository/commons-math/commons-math/1.2/commons-math-1.2.jar:/home/johannes/.m2/repository/commons-logging/commons-logging/1.1.1/commons-logging-1.1.1.jar:/home/johannes/.m2/repository/treetank/core/5.3.4-SNAPSHOT/core-5.3.4-SNAPSHOT-tests.jar:/home/johannes/.m2/repository/junit/junit/4.7/junit-4.7.jar:/home/johannes/.m2/repository/saxon/saxon/9.2/saxon-9.2.jar:"/>
    <property name="java.specification.name" value="Java Platform API Specification"/>
    <property name="java.class.version" value="50.0"/>
    <property name="sun.management.compiler" value="HotSpot 64-Bit Server Compiler"/>
    <property name="os.version" value="2.6.31-20-generic"/>
    <property name="user.home" value="/home/johannes"/>
    <property name="user.timezone" value="Europe/Berlin"/>
    <property name="java.awt.printerjob" value="sun.print.PSPrinterJob"/>
    <property name="file.encoding" value="UTF-8"/>
    <property name="java.specification.version" value="1.6"/>
    <property name="user.name" value="johannes"/>
    <property name="java.class.path" value="/home/johannes/workspace/treetank-saxon/target/test-classes:/home/johannes/workspace/treetank-saxon/target/classes:/home/johannes/.m2/repository/treetank/core/5.3.4-SNAPSHOT/core-5.3.4-SNAPSHOT.jar:/home/johannes/.m2/repository/com/sleepycat/je/3.3.87/je-3.3.87.jar:/home/johannes/.m2/repository/perfidix/perfidix/3.6.2/perfidix-3.6.2.jar:/home/johannes/.m2/repository/commons-primitives/commons-primitives/1.0/commons-primitives-1.0.jar:/home/johannes/.m2/repository/commons-math/commons-math/1.2/commons-math-1.2.jar:/home/johannes/.m2/repository/commons-logging/commons-logging/1.1.1/commons-logging-1.1.1.jar:/home/johannes/.m2/repository/treetank/core/5.3.4-SNAPSHOT/core-5.3.4-SNAPSHOT-tests.jar:/home/johannes/.m2/repository/junit/junit/4.7/junit-4.7.jar:/home/johannes/.m2/repository/saxon/saxon/9.2/saxon-9.2.jar:"/>
    <property name="java.vm.specification.version" value="1.0"/>
    <property name="sun.arch.data.model" value="64"/>
    <property name="java.home" value="/usr/lib/jvm/java-6-sun-1.6.0.15/jre"/>
    <property name="java.specification.vendor" value="Sun Microsystems Inc."/>
    <property name="user.language" value="en"/>
    <property name="java.vm.info" value="mixed mode"/>
    <property name="javax.xml.xpath.XPathFactory:http://saxon.sf.net/jaxp/xpath/om" value="net.sf.saxon.xpath.XPathFactoryImpl"/>
    <property name="java.version" value="1.6.0_15"/>
    <property name="java.ext.dirs" value="/usr/lib/jvm/java-6-sun-1.6.0.15/jre/lib/ext:/usr/java/packages/lib/ext"/>
    <property name="sun.boot.class.path" value="/usr/lib/jvm/java-6-sun-1.6.0.15/jre/lib/resources.jar:/usr/lib/jvm/java-6-sun-1.6.0.15/jre/lib/rt.jar:/usr/lib/jvm/java-6-sun-1.6.0.15/jre/lib/sunrsasign.jar:/usr/lib/jvm/java-6-sun-1.6.0.15/jre/lib/jsse.jar:/usr/lib/jvm/java-6-sun-1.6.0.15/jre/lib/jce.jar:/usr/lib/jvm/java-6-sun-1.6.0.15/jre/lib/charsets.jar:/usr/lib/jvm/java-6-sun-1.6.0.15/jre/classes"/>
    <property name="java.vendor" value="Sun Microsystems Inc."/>
    <property name="localRepository" value="/home/johannes/.m2/repository"/>
    <property name="file.separator" value="/"/>
    <property name="java.vendor.url.bug" value="http://java.sun.com/cgi-bin/bugreport.cgi"/>
    <property name="sun.cpu.endian" value="little"/>
    <property name="sun.io.unicode.encoding" value="UnicodeLittle"/>
    <property name="sun.desktop" value="gnome"/>
    <property name="sun.cpu.isalist" value=""/>
  </properties>
  <testcase time="1.649" classname="com.treetank.saxon.wrapper.NodeWrapperTest" name="testExample"/>
  <testcase time="0.261" classname="com.treetank.saxon.wrapper.NodeWrapperTest" name="testElementBCount"/>
  <testcase time="0.267" classname="com.treetank.saxon.wrapper.NodeWrapperTest" name="testElementACount"/>
  <testcase time="0.254" classname="com.treetank.saxon.wrapper.NodeWrapperTest" name="testNamespaceElementCount"/>
  <testcase time="0.256" classname="com.treetank.saxon.wrapper.NodeWrapperTest" name="testAttributeCount"/>
  <testcase time="0.28" classname="com.treetank.saxon.wrapper.NodeWrapperTest" name="testNamespaceAttributeCount"/>
  <testcase time="0.32" classname="com.treetank.saxon.wrapper.NodeWrapperTest" name="testAttributeValue"/>
  <testcase time="0.322" classname="com.treetank.saxon.wrapper.NodeWrapperTest" name="testNamespaceAttributeValue"/>
  <testcase time="0.233" classname="com.treetank.saxon.wrapper.NodeWrapperTest" name="testText"/>
  <testcase time="0.256" classname="com.treetank.saxon.wrapper.NodeWrapperTest" name="testText1"/>
  <testcase time="0.297" classname="com.treetank.saxon.wrapper.NodeWrapperTest" name="testDefaultNamespaceText1"/>
  <testcase time="0.3" classname="com.treetank.saxon.wrapper.NodeWrapperTest" name="testDefaultNamespaceText2"/>
  <testcase time="0.243" classname="com.treetank.saxon.wrapper.NodeWrapperTest" name="testDefaultNamespaceText3"/>
  <testcase time="0.272" classname="com.treetank.saxon.wrapper.NodeWrapperTest" name="testDefaultNamespaceTextAll"/>
  <testcase time="0.273" classname="com.treetank.saxon.wrapper.NodeWrapperTest" name="testB1"/>
  <testcase time="0.291" classname="com.treetank.saxon.wrapper.NodeWrapperTest" name="testB2"/>
  <testcase time="0.311" classname="com.treetank.saxon.wrapper.NodeWrapperTest" name="testBAll"/>
</testsuite>